\BOOKMARK [0][-]{chapter.1}{\376\377\173\054\116\000\172\340\000\040\000\040\176\352\213\272}{}% 1
\BOOKMARK [1][-]{section.1.1}{\376\377\000\061\000\056\000\061\000\040\170\024\172\166\200\314\146\157\123\312\141\017\116\111}{chapter.1}% 2
\BOOKMARK [1][-]{section.1.2}{\376\377\000\061\000\056\000\062\000\040\170\024\172\166\163\260\162\266}{chapter.1}% 3
\BOOKMARK [2][-]{subsection.1.2.1}{\376\377\000\061\000\056\000\062\000\056\000\061\000\040\217\157\116\366\177\072\226\167\230\204\155\113}{section.1.2}% 4
\BOOKMARK [2][-]{subsection.1.2.2}{\376\377\000\061\000\056\000\062\000\056\000\062\000\040\145\160\143\156\230\204\131\004\164\006\142\200\147\057}{section.1.2}% 5
\BOOKMARK [1][-]{section.1.3}{\376\377\000\061\000\056\000\063\000\040\170\024\172\166\121\205\133\271}{chapter.1}% 6
\BOOKMARK [2][-]{subsection.1.3.1}{\376\377\000\061\000\056\000\063\000\056\000\061\000\040\127\372\116\216\145\366\225\364\176\364\136\246\166\204\150\067\147\054\221\315\211\201\140\047\147\103\221\315}{section.1.3}% 7
\BOOKMARK [2][-]{subsection.1.3.2}{\376\377\000\061\000\056\000\063\000\056\000\062\000\040\127\372\116\216\162\171\137\201\215\041\163\056\136\246\166\204\150\067\147\054\221\315\211\201\140\047\147\103\221\315}{section.1.3}% 8
\BOOKMARK [2][-]{subsection.1.3.3}{\376\377\000\061\000\056\000\063\000\056\000\063\000\040\127\372\116\216\150\067\147\054\221\315\211\201\140\047\147\103\221\315\166\204\217\307\221\307\150\067\145\271\154\325}{section.1.3}% 9
\BOOKMARK [1][-]{section.1.4}{\376\377\000\061\000\056\000\064\000\040\213\272\145\207\176\304\176\307\176\323\147\204}{chapter.1}% 10
\BOOKMARK [0][-]{chapter.2}{\376\377\173\054\116\214\172\340\000\040\000\040\200\314\146\157\167\345\213\306}{}% 11
\BOOKMARK [1][-]{section.2.1}{\376\377\000\062\000\056\000\061\000\040\123\163\145\366\217\157\116\366\177\072\226\167\230\204\155\113\127\372\147\054\155\101\172\013}{chapter.2}% 12
\BOOKMARK [2][-]{subsection.2.1.1}{\376\377\000\062\000\056\000\061\000\056\000\061\000\040\145\160\143\156\221\307\226\306}{section.2.1}% 13
\BOOKMARK [2][-]{subsection.2.1.2}{\376\377\000\062\000\056\000\061\000\056\000\062\000\040\145\160\143\156\230\204\131\004\164\006}{section.2.1}% 14
\BOOKMARK [2][-]{subsection.2.1.3}{\376\377\000\062\000\056\000\061\000\056\000\063\000\040\152\041\127\213\147\204\136\372}{section.2.1}% 15
\BOOKMARK [1][-]{section.2.2}{\376\377\000\062\000\056\000\062\000\040\217\157\116\366\162\171\137\201}{chapter.2}% 16
\BOOKMARK [2][-]{subsection.2.2.1}{\376\377\000\062\000\056\000\062\000\056\000\061\000\040\127\372\116\216\123\330\146\364\121\103\145\160\143\156\166\204\162\171\137\201}{section.2.2}% 17
\BOOKMARK [2][-]{subsection.2.2.2}{\376\377\000\062\000\056\000\062\000\056\000\062\000\040\127\372\116\216\123\330\146\364\116\343\170\001\121\205\133\271\166\204\162\171\137\201}{section.2.2}% 18
\BOOKMARK [2][-]{subsection.2.2.3}{\376\377\000\062\000\056\000\062\000\056\000\063\000\040\127\372\116\216\217\157\116\366\157\024\217\333\217\307\172\013\166\204\162\171\137\201}{section.2.2}% 19
\BOOKMARK [2][-]{subsection.2.2.4}{\376\377\000\062\000\056\000\062\000\056\000\064\000\040\127\372\116\216\131\032\156\220\217\157\116\366\122\066\124\301\166\204\162\171\137\201}{section.2.2}% 20
\BOOKMARK [1][-]{section.2.3}{\376\377\000\062\000\056\000\063\000\040\174\173\116\015\136\163\210\141}{chapter.2}% 21
\BOOKMARK [2][-]{subsection.2.3.1}{\376\377\000\062\000\056\000\063\000\056\000\061\000\040\221\307\150\067\145\271\154\325}{section.2.3}% 22
\BOOKMARK [2][-]{subsection.2.3.2}{\376\377\000\062\000\056\000\063\000\056\000\062\000\040\116\343\116\367\145\117\141\037\133\146\116\140\145\271\154\325}{section.2.3}% 23
\BOOKMARK [2][-]{subsection.2.3.3}{\376\377\000\062\000\056\000\063\000\056\000\063\000\040\226\306\142\020\133\146\116\140\145\271\154\325}{section.2.3}% 24
\BOOKMARK [1][-]{section.2.4}{\376\377\000\062\000\056\000\064\000\040\147\054\172\340\134\017\176\323}{chapter.2}% 25
\BOOKMARK [0][-]{chapter.3}{\376\377\173\054\116\011\172\340\000\040\000\040\127\372\116\216\145\366\225\364\176\364\136\246\166\204\150\067\147\054\221\315\211\201\140\047\147\103\221\315}{}% 26
\BOOKMARK [1][-]{section.3.1}{\376\377\000\063\000\056\000\061\000\040\170\024\172\166\122\250\147\072}{chapter.3}% 27
\BOOKMARK [1][-]{section.3.2}{\376\377\000\063\000\056\000\062\000\040\170\024\172\166\145\271\154\325}{chapter.3}% 28
\BOOKMARK [2][-]{subsection.3.2.1}{\376\377\000\063\000\056\000\062\000\056\000\061\000\040\230\171\166\356\122\022\122\006}{section.3.2}% 29
\BOOKMARK [2][-]{subsection.3.2.2}{\376\377\000\063\000\056\000\062\000\056\000\062\000\040\162\171\137\201\143\320\123\326}{section.3.2}% 30
\BOOKMARK [2][-]{subsection.3.2.3}{\376\377\000\063\000\056\000\062\000\056\000\063\000\040\145\160\143\156\211\304\203\003\123\026}{section.3.2}% 31
\BOOKMARK [2][-]{subsection.3.2.4}{\376\377\000\063\000\056\000\062\000\056\000\064\000\040\213\241\173\227\150\067\147\054\166\204\145\366\225\364\147\103\221\315}{section.3.2}% 32
\BOOKMARK [2][-]{subsection.3.2.5}{\376\377\000\063\000\056\000\062\000\056\000\065\000\040\152\041\127\213\213\255\176\303}{section.3.2}% 33
\BOOKMARK [1][-]{section.3.3}{\376\377\000\063\000\056\000\063\000\040\133\236\232\214\213\276\177\156}{chapter.3}% 34
\BOOKMARK [2][-]{subsection.3.3.1}{\376\377\000\063\000\056\000\063\000\056\000\061\000\040\133\236\232\214\145\160\143\156\226\306}{section.3.3}% 35
\BOOKMARK [2][-]{subsection.3.3.2}{\376\377\000\063\000\056\000\063\000\056\000\062\000\040\133\371\153\324\145\271\154\325}{section.3.3}% 36
\BOOKMARK [2][-]{subsection.3.3.3}{\376\377\000\063\000\056\000\063\000\056\000\063\000\040\213\304\116\367\143\007\150\007}{section.3.3}% 37
\BOOKMARK [1][-]{section.3.4}{\376\377\000\063\000\056\000\064\000\040\133\236\232\214\176\323\147\234\124\214\122\006\147\220}{chapter.3}% 38
\BOOKMARK [2][-]{subsection.3.4.1}{\376\377\000\063\000\056\000\064\000\056\000\061\000\040\116\011\171\315\145\366\225\364\210\160\121\317\126\340\133\120\166\204\140\047\200\375\153\324\217\203}{section.3.4}% 39
\BOOKMARK [2][-]{subsection.3.4.2}{\376\377\000\063\000\056\000\064\000\056\000\062\000\040\116\016\133\371\153\324\145\271\154\325\166\204\140\047\200\375\153\324\217\203}{section.3.4}% 40
\BOOKMARK [2][-]{subsection.3.4.3}{\376\377\000\063\000\056\000\064\000\056\000\063\000\040\123\302\145\160\133\236\232\214\124\214\213\250\213\272}{section.3.4}% 41
\BOOKMARK [1][-]{section.3.5}{\376\377\000\063\000\056\000\065\000\040\147\054\172\340\134\017\176\323}{chapter.3}% 42
\BOOKMARK [0][-]{chapter.4}{\376\377\173\054\126\333\172\340\000\040\000\040\127\372\116\216\162\171\137\201\215\041\163\056\136\246\166\204\150\067\147\054\221\315\211\201\140\047\147\103\221\315}{}% 43
\BOOKMARK [1][-]{section.4.1}{\376\377\000\064\000\056\000\061\000\040\170\024\172\166\122\250\147\072}{chapter.4}% 44
\BOOKMARK [1][-]{section.4.2}{\376\377\000\064\000\056\000\062\000\040\170\024\172\166\145\271\154\325}{chapter.4}% 45
\BOOKMARK [2][-]{subsection.4.2.1}{\376\377\000\064\000\056\000\062\000\056\000\061\000\040\122\006\221\115\127\372\170\100\147\103\221\315}{section.4.2}% 46
\BOOKMARK [2][-]{subsection.4.2.2}{\376\377\000\064\000\056\000\062\000\056\000\062\000\040\213\241\173\227\162\171\137\201\215\041\163\056\136\246\147\103\221\315}{section.4.2}% 47
\BOOKMARK [1][-]{section.4.3}{\376\377\000\064\000\056\000\063\000\040\133\236\232\214\213\276\177\156}{chapter.4}% 48
\BOOKMARK [2][-]{subsection.4.3.1}{\376\377\000\064\000\056\000\063\000\056\000\061\000\040\133\236\232\214\145\160\143\156\226\306}{section.4.3}% 49
\BOOKMARK [2][-]{subsection.4.3.2}{\376\377\000\064\000\056\000\063\000\056\000\062\000\040\133\371\153\324\145\271\154\325}{section.4.3}% 50
\BOOKMARK [2][-]{subsection.4.3.3}{\376\377\000\064\000\056\000\063\000\056\000\063\000\040\213\304\116\367\143\007\150\007}{section.4.3}% 51
\BOOKMARK [2][-]{subsection.4.3.4}{\376\377\000\064\000\056\000\063\000\056\000\064\000\040\123\302\145\160\213\276\177\156}{section.4.3}% 52
\BOOKMARK [1][-]{section.4.4}{\376\377\000\064\000\056\000\064\000\040\133\236\232\214\176\323\147\234\124\214\122\006\147\220}{chapter.4}% 53
\BOOKMARK [2][-]{subsection.4.4.1}{\376\377\000\064\000\056\000\064\000\056\000\061\000\040\116\016\133\371\153\324\145\271\154\325\166\204\140\047\200\375\153\324\217\203}{section.4.4}% 54
\BOOKMARK [2][-]{subsection.4.4.2}{\376\377\000\064\000\056\000\064\000\056\000\062\000\040\155\210\207\215\133\236\232\214}{section.4.4}% 55
\BOOKMARK [2][-]{subsection.4.4.3}{\376\377\000\064\000\056\000\064\000\056\000\063\000\040\123\302\145\160\133\236\232\214\124\214\213\250\213\272}{section.4.4}% 56
\BOOKMARK [1][-]{section.4.5}{\376\377\000\064\000\056\000\065\000\040\147\054\172\340\134\017\176\323}{chapter.4}% 57
\BOOKMARK [0][-]{chapter.5}{\376\377\173\054\116\224\172\340\000\040\000\040\127\372\116\216\150\067\147\054\221\315\211\201\140\047\147\103\221\315\166\204\145\160\143\156\221\307\150\067\145\271\154\325}{}% 58
\BOOKMARK [1][-]{section.5.1}{\376\377\000\065\000\056\000\061\000\040\170\024\172\166\122\250\147\072}{chapter.5}% 59
\BOOKMARK [1][-]{section.5.2}{\376\377\000\065\000\056\000\062\000\040\170\024\172\166\145\271\154\325}{chapter.5}% 60
\BOOKMARK [2][-]{subsection.5.2.1}{\376\377\000\065\000\056\000\062\000\056\000\061\000\040\213\241\173\227\147\103\221\315\174\373\145\160}{section.5.2}% 61
\BOOKMARK [2][-]{subsection.5.2.2}{\376\377\000\065\000\056\000\062\000\056\000\062\000\040\143\021\220\011\116\055\137\303\150\067\147\054}{section.5.2}% 62
\BOOKMARK [2][-]{subsection.5.2.3}{\376\377\000\065\000\056\000\062\000\056\000\063\000\040\124\010\142\020\134\021\145\160\150\067\147\054}{section.5.2}% 63
\BOOKMARK [2][-]{subsection.5.2.4}{\376\377\000\065\000\056\000\062\000\056\000\064\000\040\136\163\210\141\145\160\143\156\226\306}{section.5.2}% 64
\BOOKMARK [1][-]{section.5.3}{\376\377\000\065\000\056\000\063\000\040\133\236\232\214\213\276\177\156}{chapter.5}% 65
\BOOKMARK [2][-]{subsection.5.3.1}{\376\377\000\065\000\056\000\063\000\056\000\061\000\040\133\236\232\214\145\160\143\156\226\306}{section.5.3}% 66
\BOOKMARK [2][-]{subsection.5.3.2}{\376\377\000\065\000\056\000\063\000\056\000\062\000\040\133\371\153\324\145\271\154\325}{section.5.3}% 67
\BOOKMARK [2][-]{subsection.5.3.3}{\376\377\000\065\000\056\000\063\000\056\000\063\000\040\213\304\116\367\143\007\150\007}{section.5.3}% 68
\BOOKMARK [1][-]{section.5.4}{\376\377\000\065\000\056\000\064\000\040\133\236\232\214\176\323\147\234\124\214\122\006\147\220}{chapter.5}% 69
\BOOKMARK [2][-]{subsection.5.4.1}{\376\377\000\065\000\056\000\064\000\056\000\061\000\040\116\016\133\371\153\324\145\271\154\325\166\204\140\047\200\375\153\324\217\203}{section.5.4}% 70
\BOOKMARK [2][-]{subsection.5.4.2}{\376\377\000\065\000\056\000\064\000\056\000\062\000\040\155\210\207\215\133\236\232\214}{section.5.4}% 71
\BOOKMARK [2][-]{subsection.5.4.3}{\376\377\000\065\000\056\000\064\000\056\000\063\000\040\123\302\145\160\133\236\232\214\124\214\213\250\213\272}{section.5.4}% 72
\BOOKMARK [1][-]{section.5.5}{\376\377\000\065\000\056\000\065\000\040\147\054\172\340\134\017\176\323}{chapter.5}% 73
\BOOKMARK [0][-]{chapter.6}{\376\377\173\054\121\155\172\340\000\040\000\040\140\073\176\323\116\016\134\125\147\033}{}% 74
\BOOKMARK [1][-]{section.6.1}{\376\377\000\066\000\056\000\061\000\040\140\073\176\323}{chapter.6}% 75
\BOOKMARK [1][-]{section.6.2}{\376\377\000\066\000\056\000\062\000\040\134\125\147\033}{chapter.6}% 76
\BOOKMARK [0][-]{chapter*.4}{\376\377\123\302\200\003\145\207\163\056}{}% 77
\BOOKMARK [0][-]{chapter*.5}{\376\377\145\073\213\373\170\125\130\353\133\146\117\115\147\037\225\364\123\321\210\150\166\204\213\272\145\207}{}% 78
\BOOKMARK [0][-]{chapter*.6}{\376\377\201\364\000\040\000\040\214\042}{}% 79
